1.2
0.07983251036496601
1.3
0.11125667477146886
1.4000000000000001
0.159194680103671
1.5000000000000002
0.20879241231447748
1.6000000000000003
0.24114040915285564
1.7000000000000004
0.3471873312911185
1.8000000000000005
0.4021496510229906
1.9000000000000006
0.5239254331539452
2.000000000000001
0.6244931146873707
2.1000000000000005
0.7539798081001239
2.200000000000001
0.9374701196462107
2.3000000000000007
0.9963176347456949
2.4000000000000012
0.9864607679486367
2.500000000000001
0.9676644273684685
2.6000000000000014
0.927893307385117
2.700000000000001
0.8954601388599577
2.8000000000000016
0.850186639825902
2.9000000000000012
0.7930050200124891
